23:53:31 **** Clean-only build of configuration Debug for project Intro_Algo ****
rm -rf src/Dynamic_Assembly_Line_Schedule.d src/Dynamic_Matrix_Chain.o src/Dynamic_Matrix_Chain.d src/Dynamic_Assembly_Line_Schedule.o Intro_Algo.exe 
23:53:42 **** Rebuild of configuration Debug for project Intro_Algo ****
Info: Internal Builder is used for build
g++ -O0 -g3 -Wall -c -fmessage-length=0 -o "src\\Dynamic_Assembly_Line_Schedule.o" "..\\src\\Dynamic_Assembly_Line_Schedule.cpp" 
..\src\Dynamic_Assembly_Line_Schedule.cpp: In function `void dynamic_assline_schedule()':
..\src\Dynamic_Assembly_Line_Schedule.cpp:7: warning: unused variable 'j'
g++ -O0 -g3 -Wall -c -fmessage-length=0 -o "src\\Dynamic_Matrix_Chain.o" "..\\src\\Dynamic_Matrix_Chain.cpp" 
g++ -o Intro_Algo.exe "src\\Dynamic_Matrix_Chain.o" "src\\Dynamic_Assembly_Line_Schedule.o" 
23:54:27 **** Incremental Build of configuration Debug for project Intro_Algo ****
Info: Internal Builder is used for build
g++ -O0 -g3 -Wall -c -fmessage-length=0 -o "src\\Dynamic_Matrix_Chain.o" "..\\src\\Dynamic_Matrix_Chain.cpp" 
g++ -o Intro_Algo.exe "src\\Dynamic_Matrix_Chain.o" "src\\Dynamic_Assembly_Line_Schedule.o" 
23:56:22 **** Incremental Build of configuration Debug for project Intro_Algo ****
Info: Internal Builder is used for build
g++ -O0 -g3 -Wall -c -fmessage-length=0 -o "src\\Dynamic_Matrix_Chain.o" "..\\src\\Dynamic_Matrix_Chain.cpp" 
g++ -o Intro_Algo.exe "src\\Dynamic_Matrix_Chain.o" "src\\Dynamic_Assembly_Line_Schedule.o" 
23:56:40 **** Incremental Build of configuration Debug for project Intro_Algo ****
Info: Internal Builder is used for build
g++ -O0 -g3 -Wall -c -fmessage-length=0 -o "src\\Dynamic_Matrix_Chain.o" "..\\src\\Dynamic_Matrix_Chain.cpp" 
g++ -o Intro_Algo.exe "src\\Dynamic_Matrix_Chain.o" "src\\Dynamic_Assembly_Line_Schedule.o" 
23:57:12 **** Incremental Build of configuration Debug for project Intro_Algo ****
Info: Internal Builder is used for build
g++ -O0 -g3 -Wall -c -fmessage-length=0 -o "src\\Dynamic_Matrix_Chain.o" "..\\src\\Dynamic_Matrix_Chain.cpp" 
g++ -o Intro_Algo.exe "src\\Dynamic_Matrix_Chain.o" "src\\Dynamic_Assembly_Line_Schedule.o" 
23:58:00 **** Incremental Build of configuration Debug for project Intro_Algo ****
Info: Internal Builder is used for build
g++ -O0 -g3 -Wall -c -fmessage-length=0 -o "src\\Dynamic_Matrix_Chain.o" "..\\src\\Dynamic_Matrix_Chain.cpp" 
g++ -o Intro_Algo.exe "src\\Dynamic_Matrix_Chain.o" "src\\Dynamic_Assembly_Line_Schedule.o" 
23:59:03 **** Incremental Build of configuration Debug for project Intro_Algo ****
Info: Internal Builder is used for build
g++ -O0 -g3 -Wall -c -fmessage-length=0 -o "src\\Dynamic_Matrix_Chain.o" "..\\src\\Dynamic_Matrix_Chain.cpp" 
g++ -o Intro_Algo.exe "src\\Dynamic_Matrix_Chain.o" "src\\Dynamic_Assembly_Line_Schedule.o" 
23:59:58 **** Incremental Build of configuration Debug for project Intro_Algo ****
Info: Internal Builder is used for build
g++ -O0 -g3 -Wall -c -fmessage-length=0 -o "src\\Dynamic_Matrix_Chain.o" "..\\src\\Dynamic_Matrix_Chain.cpp" 
g++ -o Intro_Algo.exe "src\\Dynamic_Matrix_Chain.o" "src\\Dynamic_Assembly_Line_Schedule.o" 
00:00:08 **** Incremental Build of configuration Debug for project Intro_Algo ****
Info: Internal Builder is used for build
g++ -O0 -g3 -Wall -c -fmessage-length=0 -o "src\\Dynamic_Matrix_Chain.o" "..\\src\\Dynamic_Matrix_Chain.cpp" 
g++ -o Intro_Algo.exe "src\\Dynamic_Matrix_Chain.o" "src\\Dynamic_Assembly_Line_Schedule.o" 
00:00:26 **** Incremental Build of configuration Debug for project Intro_Algo ****
Info: Internal Builder is used for build
g++ -O0 -g3 -Wall -c -fmessage-length=0 -o "src\\Dynamic_Matrix_Chain.o" "..\\src\\Dynamic_Matrix_Chain.cpp" 
g++ -o Intro_Algo.exe "src\\Dynamic_Matrix_Chain.o" "src\\Dynamic_Assembly_Line_Schedule.o" 
00:01:00 **** Incremental Build of configuration Debug for project Intro_Algo ****
Info: Internal Builder is used for build
g++ -O0 -g3 -Wall -c -fmessage-length=0 -o "src\\Dynamic_Matrix_Chain.o" "..\\src\\Dynamic_Matrix_Chain.cpp" 
g++ -o Intro_Algo.exe "src\\Dynamic_Matrix_Chain.o" "src\\Dynamic_Assembly_Line_Schedule.o" 
00:04:39 **** Incremental Build of configuration Debug for project Intro_Algo ****
Info: Internal Builder is used for build
g++ -O0 -g3 -Wall -c -fmessage-length=0 -o "src\\Dynamic_Matrix_Chain.o" "..\\src\\Dynamic_Matrix_Chain.cpp" 
g++ -o Intro_Algo.exe "src\\Dynamic_Matrix_Chain.o" "src\\Dynamic_Assembly_Line_Schedule.o" 
00:05:00 **** Incremental Build of configuration Debug for project Intro_Algo ****
Info: Internal Builder is used for build
g++ -O0 -g3 -Wall -c -fmessage-length=0 -o "src\\Dynamic_Matrix_Chain.o" "..\\src\\Dynamic_Matrix_Chain.cpp" 
g++ -o Intro_Algo.exe "src\\Dynamic_Matrix_Chain.o" "src\\Dynamic_Assembly_Line_Schedule.o" 
00:10:33 **** Incremental Build of configuration Debug for project Intro_Algo ****
Info: Internal Builder is used for build
g++ -O0 -g3 -Wall -c -fmessage-length=0 -o "src\\Dynamic_Matrix_Chain.o" "..\\src\\Dynamic_Matrix_Chain.cpp" 
g++ -o Intro_Algo.exe "src\\Dynamic_Matrix_Chain.o" "src\\Dynamic_Assembly_Line_Schedule.o" 
00:10:43 **** Incremental Build of configuration Debug for project Intro_Algo ****
Info: Internal Builder is used for build
g++ -O0 -g3 -Wall -c -fmessage-length=0 -o "src\\Dynamic_Matrix_Chain.o" "..\\src\\Dynamic_Matrix_Chain.cpp" 
g++ -o Intro_Algo.exe "src\\Dynamic_Matrix_Chain.o" "src\\Dynamic_Assembly_Line_Schedule.o" 
00:11:04 **** Incremental Build of configuration Debug for project Intro_Algo ****
Info: Internal Builder is used for build
g++ -O0 -g3 -Wall -c -fmessage-length=0 -o "src\\Dynamic_Matrix_Chain.o" "..\\src\\Dynamic_Matrix_Chain.cpp" 
g++ -o Intro_Algo.exe "src\\Dynamic_Matrix_Chain.o" "src\\Dynamic_Assembly_Line_Schedule.o" 
00:11:11 **** Incremental Build of configuration Debug for project Intro_Algo ****
Info: Internal Builder is used for build
g++ -O0 -g3 -Wall -c -fmessage-length=0 -o "src\\Dynamic_Matrix_Chain.o" "..\\src\\Dynamic_Matrix_Chain.cpp" 
g++ -o Intro_Algo.exe "src\\Dynamic_Matrix_Chain.o" "src\\Dynamic_Assembly_Line_Schedule.o" 
00:24:23 **** Incremental Build of configuration Debug for project Intro_Algo ****
Info: Internal Builder is used for build
g++ -O0 -g3 -Wall -c -fmessage-length=0 -o "src\\Dynamic_Matrix_Chain.o" "..\\src\\Dynamic_Matrix_Chain.cpp" 
g++ -o Intro_Algo.exe "src\\Dynamic_Matrix_Chain.o" "src\\Dynamic_Assembly_Line_Schedule.o" 
00:24:38 **** Incremental Build of configuration Debug for project Intro_Algo ****
Info: Internal Builder is used for build
g++ -O0 -g3 -Wall -c -fmessage-length=0 -o "src\\Dynamic_Matrix_Chain.o" "..\\src\\Dynamic_Matrix_Chain.cpp" 
g++ -o Intro_Algo.exe "src\\Dynamic_Matrix_Chain.o" "src\\Dynamic_Assembly_Line_Schedule.o" 
00:24:59 **** Incremental Build of configuration Debug for project Intro_Algo ****
Info: Internal Builder is used for build
g++ -O0 -g3 -Wall -c -fmessage-length=0 -o "src\\Dynamic_Matrix_Chain.o" "..\\src\\Dynamic_Matrix_Chain.cpp" 
g++ -o Intro_Algo.exe "src\\Dynamic_Matrix_Chain.o" "src\\Dynamic_Assembly_Line_Schedule.o" 
00:30:20 **** Incremental Build of configuration Debug for project Intro_Algo ****
Info: Internal Builder is used for build
g++ -O0 -g3 -Wall -c -fmessage-length=0 -o "src\\Dynamic_Matrix_Chain.o" "..\\src\\Dynamic_Matrix_Chain.cpp" 
g++ -o Intro_Algo.exe "src\\Dynamic_Matrix_Chain.o" "src\\Dynamic_Assembly_Line_Schedule.o" 
00:30:29 **** Incremental Build of configuration Debug for project Intro_Algo ****
Info: Internal Builder is used for build
g++ -O0 -g3 -Wall -c -fmessage-length=0 -o "src\\Dynamic_Matrix_Chain.o" "..\\src\\Dynamic_Matrix_Chain.cpp" 
g++ -o Intro_Algo.exe "src\\Dynamic_Matrix_Chain.o" "src\\Dynamic_Assembly_Line_Schedule.o" 
00:31:05 **** Incremental Build of configuration Debug for project Intro_Algo ****
Info: Internal Builder is used for build
g++ -O0 -g3 -Wall -c -fmessage-length=0 -o "src\\Dynamic_Matrix_Chain.o" "..\\src\\Dynamic_Matrix_Chain.cpp" 
g++ -o Intro_Algo.exe "src\\Dynamic_Matrix_Chain.o" "src\\Dynamic_Assembly_Line_Schedule.o" 
